<?xml version="1.0" encoding="UTF-8"?>
<testng-results ignored="0" total="1" passed="1" failed="0" skipped="0">
  <reporter-output>
  </reporter-output>
  <suite started-at="2023-07-12T18:29:32Z" name="Suite" finished-at="2023-07-12T18:29:46Z" duration-ms="13972">
    <groups>
    </groups>
    <test started-at="2023-07-12T18:29:32Z" name="Test" finished-at="2023-07-12T18:29:46Z" duration-ms="13972">
      <class name="tests.TestSuit1">
        <test-method is-config="true" signature="setUp()[pri:0, instance:tests.TestSuit1@5386659f]" started-at="2023-07-12T21:29:32Z" name="setUp" finished-at="2023-07-12T21:29:37Z" duration-ms="4819" status="PASS">
          <reporter-output>
          </reporter-output>
        </test-method> <!-- setUp -->
        <test-method signature="testBox()[pri:0, instance:tests.TestSuit1@5386659f]" started-at="2023-07-12T21:29:37Z" name="testBox" finished-at="2023-07-12T21:29:46Z" duration-ms="8440" status="PASS">
          <reporter-output>
          </reporter-output>
        </test-method> <!-- testBox -->
        <test-method is-config="true" signature="tearDown()[pri:0, instance:tests.TestSuit1@5386659f]" started-at="2023-07-12T21:29:46Z" name="tearDown" finished-at="2023-07-12T21:29:46Z" duration-ms="681" status="PASS">
          <reporter-output>
          </reporter-output>
        </test-method> <!-- tearDown -->
      </class> <!-- tests.TestSuit1 -->
    </test> <!-- Test -->
  </suite> <!-- Suite -->
</testng-results>
