<?xml version="1.0" encoding="UTF-8"?>
<testng-results ignored="0" total="1" passed="1" failed="0" skipped="0">
  <reporter-output>
  </reporter-output>
  <suite started-at="2023-07-12T17:06:23Z" name="Default suite" finished-at="2023-07-12T17:06:34Z" duration-ms="10817">
    <groups>
    </groups>
    <test started-at="2023-07-12T17:06:23Z" name="Default test" finished-at="2023-07-12T17:06:34Z" duration-ms="10817">
      <class name="tests.TestSuit1">
        <test-method is-config="true" signature="setUp()[pri:0, instance:tests.TestSuit1@539d019]" started-at="2023-07-12T20:06:23Z" name="setUp" finished-at="2023-07-12T20:06:29Z" duration-ms="5795" status="PASS">
          <reporter-output>
          </reporter-output>
        </test-method> <!-- setUp -->
        <test-method signature="testBox()[pri:0, instance:tests.TestSuit1@539d019]" started-at="2023-07-12T20:06:29Z" name="testBox" finished-at="2023-07-12T20:06:34Z" duration-ms="4988" status="PASS">
          <reporter-output>
          </reporter-output>
        </test-method> <!-- testBox -->
        <test-method is-config="true" signature="tearDown()[pri:0, instance:tests.TestSuit1@539d019]" started-at="2023-07-12T20:06:34Z" name="tearDown" finished-at="2023-07-12T20:06:34Z" duration-ms="0" status="PASS">
          <reporter-output>
          </reporter-output>
        </test-method> <!-- tearDown -->
      </class> <!-- tests.TestSuit1 -->
    </test> <!-- Default test -->
  </suite> <!-- Default suite -->
</testng-results>
